-------------------------------------------------------------------------------
Test set: com.example.Book_My_Show.BookMyShowApplicationTests
-------------------------------------------------------------------------------
Tests run: 1, Failures: 0, Errors: 1, Skipped: 0, Time elapsed: 9.196 s <<< FAILURE! - in com.example.Book_My_Show.BookMyShowApplicationTests
contextLoads  Time elapsed: 0.002 s  <<< ERROR!
java.lang.IllegalStateException: Failed to load ApplicationContext
Caused by: org.springframework.beans.factory.BeanCreationException: Error creating bean with name 'entityManagerFactory' defined in class path resource [org/springframework/boot/autoconfigure/orm/jpa/HibernateJpaConfiguration.class]: Invocation of init method failed; nested exception is org.hibernate.AnnotationException: mappedBy reference an unknown target entity property: com.example.Book_My_Show.Models.Ticket.showEntity in com.example.Book_My_Show.Models.Show.listOfBookedTickets
Caused by: org.hibernate.AnnotationException: mappedBy reference an unknown target entity property: com.example.Book_My_Show.Models.Ticket.showEntity in com.example.Book_My_Show.Models.Show.listOfBookedTickets

